<?xml version="1.0" encoding="UTF-8"?>
<!-- Generated by org.testng.reporters.JUnitReportReporter -->
<testsuite hostname="Aditi" failures="0" tests="1" name="TestScripts.testScript3" time="0.010" errors="0" timestamp="2025-06-28T14:05:15 IST" skipped="0">
  <testcase classname="TestScripts.testScript3" name="testscript4" time="0.010"/>
</testsuite> <!-- TestScripts.testScript3 -->
