<?xml version="1.0" encoding="UTF-8"?>
<!-- Generated by org.testng.reporters.JUnitReportReporter -->
<testsuite hostname="Aditi" failures="0" tests="1" name="org.BatchExecutionClasses.Yamama" time="9.992" errors="0" timestamp="2025-06-26T13:42:33 IST" skipped="0">
  <testcase classname="org.BatchExecutionClasses.Yamama" name="Fazer" time="9.992">
    <system-out>
      <![CDATA[Fazer  is lounched]]>
    </system-out>
  </testcase> <!-- Fazer -->
  <system-out>
    <![CDATA[Hayabusa is lounched
Bobber is lounched
Fazer  is lounched
perak is lounched
herky is lounched]]>
  </system-out>
</testsuite> <!-- org.BatchExecutionClasses.Yamama -->
