<?xml version="1.0" encoding="UTF-8"?>
<!-- Generated by org.testng.reporters.JUnitReportReporter -->
<testsuite hostname="Aditi" failures="0" tests="1" name="org.Generic_Utilities.MyListener" time="0.011" errors="0" timestamp="2025-07-01T13:27:30 IST" skipped="0">
  <testcase classname="org.Generic_Utilities.MyListener" name="Testcase" time="0.011"/>
</testsuite> <!-- org.Generic_Utilities.MyListener -->
