<?xml version="1.0" encoding="UTF-8"?>
<!-- Generated by org.testng.reporters.JUnitReportReporter -->
<testsuite hostname="Aditi" failures="0" tests="2" name="TestScripts.DemoScript" time="3.565" errors="0" timestamp="2025-07-09T09:36:02 IST" skipped="0">
  <testcase classname="TestScripts.DemoScript" name="Testcase" time="0.006"/>
  <testcase classname="TestScripts.DemoScript" name="demoScript" time="3.559"/>
</testsuite> <!-- TestScripts.DemoScript -->
