<?xml version="1.0" encoding="UTF-8"?>
<!-- Generated by org.testng.reporters.JUnitReportReporter -->
<testsuite hostname="Aditi" failures="0" tests="2" name="TestScripts.RegisterUsingDataProvider" time="46.671" errors="0" timestamp="2025-07-04T13:51:51 IST" skipped="0">
  <testcase classname="TestScripts.RegisterUsingDataProvider" name="register" time="16.658"/>
  <testcase classname="TestScripts.RegisterUsingDataProvider" name="register" time="30.013"/>
</testsuite> <!-- TestScripts.RegisterUsingDataProvider -->
