<?xml version="1.0" encoding="UTF-8"?>
<!-- Generated by org.testng.reporters.JUnitReportReporter -->
<testsuite hostname="Aditi" failures="0" tests="2" name="TestScripts.LogintoDWS" time="0.859" errors="0" timestamp="2025-07-02T14:07:35 IST" skipped="0">
  <testcase classname="TestScripts.LogintoDWS" name="login" time="0.857">
    <system-out>
      <![CDATA[[TestCase..+loginstarted]
[TestCase..+loginsucess]]]>
    </system-out>
  </testcase> <!-- login -->
  <testcase classname="TestScripts.LogintoDWS" name="Testcase" time="0.002">
    <system-out>
      <![CDATA[[TestCase..+Testcasestarted]
[TestCase..+Testcasesucess]]]>
    </system-out>
  </testcase> <!-- Testcase -->
  <system-out>
    <![CDATA[[TestCase..+Teststarted]
[TestCase..+addproducttocartstarted]
test fail hogya
[TestCase..+Testcasestarted]
[TestCase..+Testcasesucess]
[TestCase..+Registerstarted]
test fail hogya
[TestCase..+Testcasestarted]
[TestCase..+Testcasesucess]
[TestCase..+loginstarted]
[TestCase..+loginsucess]
[TestCase..+Testcasestarted]
[TestCase..+Testcasesucess]]]>
  </system-out>
</testsuite> <!-- TestScripts.LogintoDWS -->
