<?xml version="1.0" encoding="UTF-8"?>
<!-- Generated by org.testng.reporters.JUnitReportReporter -->
<testsuite hostname="Aditi" failures="0" tests="2" name="org.BatchExecutionClasses.Jawa" time="17.468" errors="0" timestamp="2025-06-26T13:42:33 IST" skipped="0">
  <testcase classname="org.BatchExecutionClasses.Jawa" name="Bobber" time="4.640">
    <system-out>
      <![CDATA[Bobber is lounched]]>
    </system-out>
  </testcase> <!-- Bobber -->
  <testcase classname="org.BatchExecutionClasses.Jawa" name="perak" time="12.828">
    <system-out>
      <![CDATA[perak is lounched]]>
    </system-out>
  </testcase> <!-- perak -->
  <system-out>
    <![CDATA[Hayabusa is lounched
Bobber is lounched
Fazer  is lounched
perak is lounched
herky is lounched]]>
  </system-out>
</testsuite> <!-- org.BatchExecutionClasses.Jawa -->
