<?xml version="1.0" encoding="UTF-8"?>
<!-- Generated by org.testng.reporters.JUnitReportReporter -->
<testsuite hostname="Aditi" failures="0" tests="1" name="TestScripts.TestScript1" time="0.002" errors="0" timestamp="2025-06-28T14:05:15 IST" skipped="0">
  <testcase classname="TestScripts.TestScript1" name="testscript1" time="0.002"/>
</testsuite> <!-- TestScripts.TestScript1 -->
