<?xml version="1.0" encoding="UTF-8"?>
<!-- Generated by org.testng.reporters.JUnitReportReporter -->
<testsuite hostname="Aditi" failures="0" tests="4" name="TestScripts.UnderstandingTestNG" time="15.767" errors="0" timestamp="2025-06-26T12:31:33 IST" skipped="0">
  <testcase classname="TestScripts.UnderstandingTestNG" name="test3" time="5.156">
    <system-out>
      <![CDATA[Testing a method test(1)]]>
    </system-out>
  </testcase> <!-- test3 -->
  <testcase classname="TestScripts.UnderstandingTestNG" name="test1" time="3.833">
    <system-out>
      <![CDATA[Testing a method test(1)]]>
    </system-out>
  </testcase> <!-- test1 -->
  <testcase classname="TestScripts.UnderstandingTestNG" name="test1" time="3.940">
    <system-out>
      <![CDATA[Testing a method test(1)]]>
    </system-out>
  </testcase> <!-- test1 -->
  <testcase classname="TestScripts.UnderstandingTestNG" name="test2" time="2.838">
    <system-out>
      <![CDATA[Testing a method test(2)]]>
    </system-out>
  </testcase> <!-- test2 -->
  <system-out>
    <![CDATA[Testing a method test(1)
Testing a method test(1)
Testing a method test(1)
Testing a method test(2)]]>
  </system-out>
</testsuite> <!-- TestScripts.UnderstandingTestNG -->
