<?xml version="1.0" encoding="UTF-8"?>
<!-- Generated by org.testng.reporters.JUnitReportReporter -->
<testsuite hostname="Aditi" failures="0" tests="1" name="org.BatchExecutionClasses.Suzuki" time="4.719" errors="0" timestamp="2025-06-26T13:42:32 IST" skipped="0">
  <testcase classname="org.BatchExecutionClasses.Suzuki" name="Hayabusa" time="4.719">
    <system-out>
      <![CDATA[Hayabusa is lounched]]>
    </system-out>
  </testcase> <!-- Hayabusa -->
  <system-out>
    <![CDATA[Hayabusa is lounched
Bobber is lounched
Fazer  is lounched
perak is lounched
herky is lounched]]>
  </system-out>
</testsuite> <!-- org.BatchExecutionClasses.Suzuki -->
