<?xml version="1.0" encoding="UTF-8"?>
<!-- Generated by org.testng.reporters.JUnitReportReporter -->
<testsuite hostname="Aditi" failures="0" tests="1" name="TestScripts.TakeScrrenshotOfFaillure" time="0.012" errors="0" timestamp="2025-07-01T12:45:15 IST" skipped="0">
  <testcase classname="TestScripts.TakeScrrenshotOfFaillure" name="Testcase" time="0.012">
    <system-out>
      <![CDATA[[TestCase..+Testcasestarted]
[TestCase..+Testcasesucess]]]>
    </system-out>
  </testcase> <!-- Testcase -->
  <system-out>
    <![CDATA[[TestCase..+Testcasestarted]
[TestCase..+Testcasesucess]]]>
  </system-out>
</testsuite> <!-- TestScripts.TakeScrrenshotOfFaillure -->
