<?xml version="1.0" encoding="UTF-8"?>
<!-- Generated by org.testng.reporters.JUnitReportReporter -->
<testsuite hostname="Aditi" failures="0" tests="1" name="org.Generic_Utilities.BaseTest" time="0.015" errors="0" timestamp="2025-07-01T12:34:45 IST" skipped="0">
  <testcase classname="org.Generic_Utilities.BaseTest" name="Testcase" time="0.015"/>
</testsuite> <!-- org.Generic_Utilities.BaseTest -->
