<?xml version="1.0" encoding="UTF-8"?>
<!-- Generated by org.testng.reporters.JUnitReportReporter -->
<testsuite hostname="Aditi" failures="0" tests="2" name="TestScripts.TestScript2" time="0.004" errors="0" timestamp="2025-06-28T14:05:15 IST" skipped="0">
  <testcase classname="TestScripts.TestScript2" name="testscript2" time="0.002"/>
  <testcase classname="TestScripts.TestScript2" name="testscript3" time="0.002"/>
</testsuite> <!-- TestScripts.TestScript2 -->
